info it worked if it ends with ok
info using fhc@0.8.2-306
info using node@v0.10.11
silly config file /Users/mhearne/.fhcrc
silly config file /usr/local/etc/fhcrc
verbose feedhenry url https://hpcs.feedhenry.com
silly POST box/srv/1.1/app/envvariable/list
silly url, unparsed https://hpcs.feedhenry.com/
verbose resolveUrl - IN box/srv/1.1/app/envvariable/list
verbose resolveUrl - OUT https://hpcs.feedhenry.com/box/srv/1.1/app/envvariable/list
verbose calling url https://hpcs.feedhenry.com/box/srv/1.1/app/envvariable/list payload: { appId: '7uhmW3qJA4XqP8poWlh3ADs2', env: 'dev' }
silly port 443
silly cookie feedhenry=23SVcKwp5wLrDRAPPgeONx-3;
silly nocache false
silly explain level 0
verbose getHeaders { accept: 'application/json',
verbose getHeaders   cookie: 'feedhenry=23SVcKwp5wLrDRAPPgeONx-3;',
verbose getHeaders   'User-Agent': 'FHC/0.8.2-306 darwin/12.3.0',
verbose getHeaders   'content-type': 'application/json',
verbose getHeaders   'content-length': 48 }
verbose what... { appId: '7uhmW3qJA4XqP8poWlh3ADs2', env: 'dev' }
silly writing json { appId: '7uhmW3qJA4XqP8poWlh3ADs2', env: 'dev' }
silly headers { accept: 'application/json',
silly headers   cookie: 'feedhenry=23SVcKwp5wLrDRAPPgeONx-3;',
silly headers   'User-Agent': 'FHC/0.8.2-306 darwin/12.3.0',
silly headers   'content-type': 'application/json',
silly headers   'content-length': 48 }
silly getProxy null
silly response headers { date: 'Thu, 20 Jun 2013 08:34:13 GMT',
silly response headers   p3p: 'CP="ALL ADM DEV PSAi COM OUR OTRo STP IND ONL" policyref="/box/p3p.xml"',
silly response headers   etag: '"Z1xEugn74r9i3POtdGUQUF"',
silly response headers   'content-type': 'application/json;charset=UTF-8',
silly response headers   'content-length': '35',
silly response headers   vary: 'Accept-Encoding',
silly response headers   'keep-alive': 'timeout=15, max=100',
silly response headers   connection: 'Keep-Alive' }
silly packages Packages list: ["default"]
verbose npm: exited with code 3
ERR! Error: ERR! not ok code 0
ERR!     at ChildProcess.<anonymous> (/usr/local/lib/node_modules/fh-fhc/lib/local.js:222:13)
ERR!     at ChildProcess.EventEmitter.emit (events.js:98:17)
ERR!     at Process.ChildProcess._handle.onexit (child_process.js:789:12)
ERR! 
ERR! System Darwin 12.3.0
ERR! command "node" "/usr/local/bin/fhc" "local"
verbose exit [ 1, true ]
